Analysis & Elaboration report for fft_myown
Sat May 13 13:13:25 2023
Quartus Prime Version 18.0.0 Build 614 04/24/2018 SJ Standard Edition


---------------------
; Table of Contents ;
---------------------
  1. Legal Notice
  2. Analysis & Elaboration Summary
  3. Parallel Compilation
  4. Analysis & Elaboration IP Cores Summary
  5. Parameter Settings for User Entity Instance: ram_contral:ctrl
  6. Parameter Settings for User Entity Instance: butterfly:butterfly1|ip_multi:mult0|lpm_mult:lpm_mult_component
  7. Parameter Settings for User Entity Instance: butterfly:butterfly1|ip_multi:mult1|lpm_mult:lpm_mult_component
  8. Parameter Settings for User Entity Instance: butterfly:butterfly1|ip_multi:mult2|lpm_mult:lpm_mult_component
  9. Parameter Settings for User Entity Instance: butterfly:butterfly1|ip_multi:mult3|lpm_mult:lpm_mult_component
 10. lpm_mult Parameter Settings by Entity Instance
 11. Analysis & Elaboration Settings
 12. Analysis & Elaboration Messages



----------------
; Legal Notice ;
----------------
Copyright (C) 2018  Intel Corporation. All rights reserved.
Your use of Intel Corporation's design tools, logic functions 
and other software and tools, and its AMPP partner logic 
functions, and any output files from any of the foregoing 
(including device programming or simulation files), and any 
associated documentation or information are expressly subject 
to the terms and conditions of the Intel Program License 
Subscription Agreement, the Intel Quartus Prime License Agreement,
the Intel FPGA IP License Agreement, or other applicable license
agreement, including, without limitation, that your use is for
the sole purpose of programming logic devices manufactured by
Intel and sold by Intel or its authorized distributors.  Please
refer to the applicable agreement for further details.



+--------------------------------------------------------------------------------------+
; Analysis & Elaboration Summary                                                       ;
+------------------------------------+-------------------------------------------------+
; Analysis & Elaboration Status      ; Successful - Sat May 13 13:13:25 2023           ;
; Quartus Prime Version              ; 18.0.0 Build 614 04/24/2018 SJ Standard Edition ;
; Revision Name                      ; fft_myown                                       ;
; Top-level Entity Name              ; top                                             ;
; Family                             ; Cyclone IV E                                    ;
; Total logic elements               ; N/A until Partition Merge                       ;
;     Total combinational functions  ; N/A until Partition Merge                       ;
;     Dedicated logic registers      ; N/A until Partition Merge                       ;
; Total registers                    ; N/A until Partition Merge                       ;
; Total pins                         ; N/A until Partition Merge                       ;
; Total virtual pins                 ; N/A until Partition Merge                       ;
; Total memory bits                  ; N/A until Partition Merge                       ;
; Embedded Multiplier 9-bit elements ; N/A until Partition Merge                       ;
; Total PLLs                         ; N/A until Partition Merge                       ;
+------------------------------------+-------------------------------------------------+


+------------------------------------------+
; Parallel Compilation                     ;
+----------------------------+-------------+
; Processors                 ; Number      ;
+----------------------------+-------------+
; Number detected on machine ; 8           ;
; Maximum allowed            ; 4           ;
;                            ;             ;
; Average used               ; 1.00        ;
; Maximum used               ; 1           ;
;                            ;             ;
; Usage by Processor         ; % Time Used ;
;     Processor 1            ; 100.0%      ;
+----------------------------+-------------+


+----------------------------------------------------------------------------------------------------------------------------+
; Analysis & Elaboration IP Cores Summary                                                                                    ;
+--------+--------------+---------+--------------+--------------+------------------------------------------+-----------------+
; Vendor ; IP Core Name ; Version ; Release Date ; License Type ; Entity Instance                          ; IP Include File ;
+--------+--------------+---------+--------------+--------------+------------------------------------------+-----------------+
; Altera ; LPM_MULT     ; 18.0    ; N/A          ; N/A          ; |top|butterfly:butterfly1|ip_multi:mult0 ; ip/ip_multi.v   ;
; Altera ; LPM_MULT     ; 18.0    ; N/A          ; N/A          ; |top|butterfly:butterfly1|ip_multi:mult1 ; ip/ip_multi.v   ;
; Altera ; LPM_MULT     ; 18.0    ; N/A          ; N/A          ; |top|butterfly:butterfly1|ip_multi:mult2 ; ip/ip_multi.v   ;
; Altera ; LPM_MULT     ; 18.0    ; N/A          ; N/A          ; |top|butterfly:butterfly1|ip_multi:mult3 ; ip/ip_multi.v   ;
+--------+--------------+---------+--------------+--------------+------------------------------------------+-----------------+


+---------------------------------------------------------------+
; Parameter Settings for User Entity Instance: ram_contral:ctrl ;
+----------------+-------+--------------------------------------+
; Parameter Name ; Value ; Type                                 ;
+----------------+-------+--------------------------------------+
; N              ; 8     ; Signed Integer                       ;
; L_max          ; 3     ; Signed Integer                       ;
+----------------+-------+--------------------------------------+
Note: In order to hide this table in the UI and the text report file, please set the "Show Parameter Settings in Synthesis Report" option in "Analysis and Synthesis Settings -> More Settings" to "Off".


+--------------------------------------------------------------------------------------------------------------+
; Parameter Settings for User Entity Instance: butterfly:butterfly1|ip_multi:mult0|lpm_mult:lpm_mult_component ;
+------------------------------------------------+--------------+----------------------------------------------+
; Parameter Name                                 ; Value        ; Type                                         ;
+------------------------------------------------+--------------+----------------------------------------------+
; AUTO_CARRY_CHAINS                              ; ON           ; AUTO_CARRY                                   ;
; IGNORE_CARRY_BUFFERS                           ; OFF          ; IGNORE_CARRY                                 ;
; AUTO_CASCADE_CHAINS                            ; ON           ; AUTO_CASCADE                                 ;
; IGNORE_CASCADE_BUFFERS                         ; OFF          ; IGNORE_CASCADE                               ;
; LPM_WIDTHA                                     ; 24           ; Signed Integer                               ;
; LPM_WIDTHB                                     ; 16           ; Signed Integer                               ;
; LPM_WIDTHP                                     ; 40           ; Signed Integer                               ;
; LPM_WIDTHR                                     ; 0            ; Untyped                                      ;
; LPM_WIDTHS                                     ; 1            ; Untyped                                      ;
; LPM_REPRESENTATION                             ; SIGNED       ; Untyped                                      ;
; LPM_PIPELINE                                   ; 1            ; Signed Integer                               ;
; LATENCY                                        ; 0            ; Untyped                                      ;
; INPUT_A_IS_CONSTANT                            ; NO           ; Untyped                                      ;
; INPUT_B_IS_CONSTANT                            ; NO           ; Untyped                                      ;
; USE_EAB                                        ; OFF          ; Untyped                                      ;
; MAXIMIZE_SPEED                                 ; 5            ; Untyped                                      ;
; DEVICE_FAMILY                                  ; Cyclone IV E ; Untyped                                      ;
; CARRY_CHAIN                                    ; MANUAL       ; Untyped                                      ;
; APEX20K_TECHNOLOGY_MAPPER                      ; LUT          ; TECH_MAPPER_APEX20K                          ;
; DEDICATED_MULTIPLIER_CIRCUITRY                 ; AUTO         ; Untyped                                      ;
; DEDICATED_MULTIPLIER_MIN_INPUT_WIDTH_FOR_AUTO  ; 0            ; Untyped                                      ;
; DEDICATED_MULTIPLIER_MIN_OUTPUT_WIDTH_FOR_AUTO ; 0            ; Untyped                                      ;
; CBXI_PARAMETER                                 ; mult_q5q     ; Untyped                                      ;
; INPUT_A_FIXED_VALUE                            ; Bx           ; Untyped                                      ;
; INPUT_B_FIXED_VALUE                            ; Bx           ; Untyped                                      ;
; USE_AHDL_IMPLEMENTATION                        ; OFF          ; Untyped                                      ;
+------------------------------------------------+--------------+----------------------------------------------+
Note: In order to hide this table in the UI and the text report file, please set the "Show Parameter Settings in Synthesis Report" option in "Analysis and Synthesis Settings -> More Settings" to "Off".


+--------------------------------------------------------------------------------------------------------------+
; Parameter Settings for User Entity Instance: butterfly:butterfly1|ip_multi:mult1|lpm_mult:lpm_mult_component ;
+------------------------------------------------+--------------+----------------------------------------------+
; Parameter Name                                 ; Value        ; Type                                         ;
+------------------------------------------------+--------------+----------------------------------------------+
; AUTO_CARRY_CHAINS                              ; ON           ; AUTO_CARRY                                   ;
; IGNORE_CARRY_BUFFERS                           ; OFF          ; IGNORE_CARRY                                 ;
; AUTO_CASCADE_CHAINS                            ; ON           ; AUTO_CASCADE                                 ;
; IGNORE_CASCADE_BUFFERS                         ; OFF          ; IGNORE_CASCADE                               ;
; LPM_WIDTHA                                     ; 24           ; Signed Integer                               ;
; LPM_WIDTHB                                     ; 16           ; Signed Integer                               ;
; LPM_WIDTHP                                     ; 40           ; Signed Integer                               ;
; LPM_WIDTHR                                     ; 0            ; Untyped                                      ;
; LPM_WIDTHS                                     ; 1            ; Untyped                                      ;
; LPM_REPRESENTATION                             ; SIGNED       ; Untyped                                      ;
; LPM_PIPELINE                                   ; 1            ; Signed Integer                               ;
; LATENCY                                        ; 0            ; Untyped                                      ;
; INPUT_A_IS_CONSTANT                            ; NO           ; Untyped                                      ;
; INPUT_B_IS_CONSTANT                            ; NO           ; Untyped                                      ;
; USE_EAB                                        ; OFF          ; Untyped                                      ;
; MAXIMIZE_SPEED                                 ; 5            ; Untyped                                      ;
; DEVICE_FAMILY                                  ; Cyclone IV E ; Untyped                                      ;
; CARRY_CHAIN                                    ; MANUAL       ; Untyped                                      ;
; APEX20K_TECHNOLOGY_MAPPER                      ; LUT          ; TECH_MAPPER_APEX20K                          ;
; DEDICATED_MULTIPLIER_CIRCUITRY                 ; AUTO         ; Untyped                                      ;
; DEDICATED_MULTIPLIER_MIN_INPUT_WIDTH_FOR_AUTO  ; 0            ; Untyped                                      ;
; DEDICATED_MULTIPLIER_MIN_OUTPUT_WIDTH_FOR_AUTO ; 0            ; Untyped                                      ;
; CBXI_PARAMETER                                 ; mult_q5q     ; Untyped                                      ;
; INPUT_A_FIXED_VALUE                            ; Bx           ; Untyped                                      ;
; INPUT_B_FIXED_VALUE                            ; Bx           ; Untyped                                      ;
; USE_AHDL_IMPLEMENTATION                        ; OFF          ; Untyped                                      ;
+------------------------------------------------+--------------+----------------------------------------------+
Note: In order to hide this table in the UI and the text report file, please set the "Show Parameter Settings in Synthesis Report" option in "Analysis and Synthesis Settings -> More Settings" to "Off".


+--------------------------------------------------------------------------------------------------------------+
; Parameter Settings for User Entity Instance: butterfly:butterfly1|ip_multi:mult2|lpm_mult:lpm_mult_component ;
+------------------------------------------------+--------------+----------------------------------------------+
; Parameter Name                                 ; Value        ; Type                                         ;
+------------------------------------------------+--------------+----------------------------------------------+
; AUTO_CARRY_CHAINS                              ; ON           ; AUTO_CARRY                                   ;
; IGNORE_CARRY_BUFFERS                           ; OFF          ; IGNORE_CARRY                                 ;
; AUTO_CASCADE_CHAINS                            ; ON           ; AUTO_CASCADE                                 ;
; IGNORE_CASCADE_BUFFERS                         ; OFF          ; IGNORE_CASCADE                               ;
; LPM_WIDTHA                                     ; 24           ; Signed Integer                               ;
; LPM_WIDTHB                                     ; 16           ; Signed Integer                               ;
; LPM_WIDTHP                                     ; 40           ; Signed Integer                               ;
; LPM_WIDTHR                                     ; 0            ; Untyped                                      ;
; LPM_WIDTHS                                     ; 1            ; Untyped                                      ;
; LPM_REPRESENTATION                             ; SIGNED       ; Untyped                                      ;
; LPM_PIPELINE                                   ; 1            ; Signed Integer                               ;
; LATENCY                                        ; 0            ; Untyped                                      ;
; INPUT_A_IS_CONSTANT                            ; NO           ; Untyped                                      ;
; INPUT_B_IS_CONSTANT                            ; NO           ; Untyped                                      ;
; USE_EAB                                        ; OFF          ; Untyped                                      ;
; MAXIMIZE_SPEED                                 ; 5            ; Untyped                                      ;
; DEVICE_FAMILY                                  ; Cyclone IV E ; Untyped                                      ;
; CARRY_CHAIN                                    ; MANUAL       ; Untyped                                      ;
; APEX20K_TECHNOLOGY_MAPPER                      ; LUT          ; TECH_MAPPER_APEX20K                          ;
; DEDICATED_MULTIPLIER_CIRCUITRY                 ; AUTO         ; Untyped                                      ;
; DEDICATED_MULTIPLIER_MIN_INPUT_WIDTH_FOR_AUTO  ; 0            ; Untyped                                      ;
; DEDICATED_MULTIPLIER_MIN_OUTPUT_WIDTH_FOR_AUTO ; 0            ; Untyped                                      ;
; CBXI_PARAMETER                                 ; mult_q5q     ; Untyped                                      ;
; INPUT_A_FIXED_VALUE                            ; Bx           ; Untyped                                      ;
; INPUT_B_FIXED_VALUE                            ; Bx           ; Untyped                                      ;
; USE_AHDL_IMPLEMENTATION                        ; OFF          ; Untyped                                      ;
+------------------------------------------------+--------------+----------------------------------------------+
Note: In order to hide this table in the UI and the text report file, please set the "Show Parameter Settings in Synthesis Report" option in "Analysis and Synthesis Settings -> More Settings" to "Off".


+--------------------------------------------------------------------------------------------------------------+
; Parameter Settings for User Entity Instance: butterfly:butterfly1|ip_multi:mult3|lpm_mult:lpm_mult_component ;
+------------------------------------------------+--------------+----------------------------------------------+
; Parameter Name                                 ; Value        ; Type                                         ;
+------------------------------------------------+--------------+----------------------------------------------+
; AUTO_CARRY_CHAINS                              ; ON           ; AUTO_CARRY                                   ;
; IGNORE_CARRY_BUFFERS                           ; OFF          ; IGNORE_CARRY                                 ;
; AUTO_CASCADE_CHAINS                            ; ON           ; AUTO_CASCADE                                 ;
; IGNORE_CASCADE_BUFFERS                         ; OFF          ; IGNORE_CASCADE                               ;
; LPM_WIDTHA                                     ; 24           ; Signed Integer                               ;
; LPM_WIDTHB                                     ; 16           ; Signed Integer                               ;
; LPM_WIDTHP                                     ; 40           ; Signed Integer                               ;
; LPM_WIDTHR                                     ; 0            ; Untyped                                      ;
; LPM_WIDTHS                                     ; 1            ; Untyped                                      ;
; LPM_REPRESENTATION                             ; SIGNED       ; Untyped                                      ;
; LPM_PIPELINE                                   ; 1            ; Signed Integer                               ;
; LATENCY                                        ; 0            ; Untyped                                      ;
; INPUT_A_IS_CONSTANT                            ; NO           ; Untyped                                      ;
; INPUT_B_IS_CONSTANT                            ; NO           ; Untyped                                      ;
; USE_EAB                                        ; OFF          ; Untyped                                      ;
; MAXIMIZE_SPEED                                 ; 5            ; Untyped                                      ;
; DEVICE_FAMILY                                  ; Cyclone IV E ; Untyped                                      ;
; CARRY_CHAIN                                    ; MANUAL       ; Untyped                                      ;
; APEX20K_TECHNOLOGY_MAPPER                      ; LUT          ; TECH_MAPPER_APEX20K                          ;
; DEDICATED_MULTIPLIER_CIRCUITRY                 ; AUTO         ; Untyped                                      ;
; DEDICATED_MULTIPLIER_MIN_INPUT_WIDTH_FOR_AUTO  ; 0            ; Untyped                                      ;
; DEDICATED_MULTIPLIER_MIN_OUTPUT_WIDTH_FOR_AUTO ; 0            ; Untyped                                      ;
; CBXI_PARAMETER                                 ; mult_q5q     ; Untyped                                      ;
; INPUT_A_FIXED_VALUE                            ; Bx           ; Untyped                                      ;
; INPUT_B_FIXED_VALUE                            ; Bx           ; Untyped                                      ;
; USE_AHDL_IMPLEMENTATION                        ; OFF          ; Untyped                                      ;
+------------------------------------------------+--------------+----------------------------------------------+
Note: In order to hide this table in the UI and the text report file, please set the "Show Parameter Settings in Synthesis Report" option in "Analysis and Synthesis Settings -> More Settings" to "Off".


+---------------------------------------------------------------------------------------------------------+
; lpm_mult Parameter Settings by Entity Instance                                                          ;
+---------------------------------------+-----------------------------------------------------------------+
; Name                                  ; Value                                                           ;
+---------------------------------------+-----------------------------------------------------------------+
; Number of entity instances            ; 4                                                               ;
; Entity Instance                       ; butterfly:butterfly1|ip_multi:mult0|lpm_mult:lpm_mult_component ;
;     -- LPM_WIDTHA                     ; 24                                                              ;
;     -- LPM_WIDTHB                     ; 16                                                              ;
;     -- LPM_WIDTHP                     ; 40                                                              ;
;     -- LPM_REPRESENTATION             ; SIGNED                                                          ;
;     -- INPUT_A_IS_CONSTANT            ; NO                                                              ;
;     -- INPUT_B_IS_CONSTANT            ; NO                                                              ;
;     -- USE_EAB                        ; OFF                                                             ;
;     -- DEDICATED_MULTIPLIER_CIRCUITRY ; AUTO                                                            ;
;     -- INPUT_A_FIXED_VALUE            ; Bx                                                              ;
;     -- INPUT_B_FIXED_VALUE            ; Bx                                                              ;
; Entity Instance                       ; butterfly:butterfly1|ip_multi:mult1|lpm_mult:lpm_mult_component ;
;     -- LPM_WIDTHA                     ; 24                                                              ;
;     -- LPM_WIDTHB                     ; 16                                                              ;
;     -- LPM_WIDTHP                     ; 40                                                              ;
;     -- LPM_REPRESENTATION             ; SIGNED                                                          ;
;     -- INPUT_A_IS_CONSTANT            ; NO                                                              ;
;     -- INPUT_B_IS_CONSTANT            ; NO                                                              ;
;     -- USE_EAB                        ; OFF                                                             ;
;     -- DEDICATED_MULTIPLIER_CIRCUITRY ; AUTO                                                            ;
;     -- INPUT_A_FIXED_VALUE            ; Bx                                                              ;
;     -- INPUT_B_FIXED_VALUE            ; Bx                                                              ;
; Entity Instance                       ; butterfly:butterfly1|ip_multi:mult2|lpm_mult:lpm_mult_component ;
;     -- LPM_WIDTHA                     ; 24                                                              ;
;     -- LPM_WIDTHB                     ; 16                                                              ;
;     -- LPM_WIDTHP                     ; 40                                                              ;
;     -- LPM_REPRESENTATION             ; SIGNED                                                          ;
;     -- INPUT_A_IS_CONSTANT            ; NO                                                              ;
;     -- INPUT_B_IS_CONSTANT            ; NO                                                              ;
;     -- USE_EAB                        ; OFF                                                             ;
;     -- DEDICATED_MULTIPLIER_CIRCUITRY ; AUTO                                                            ;
;     -- INPUT_A_FIXED_VALUE            ; Bx                                                              ;
;     -- INPUT_B_FIXED_VALUE            ; Bx                                                              ;
; Entity Instance                       ; butterfly:butterfly1|ip_multi:mult3|lpm_mult:lpm_mult_component ;
;     -- LPM_WIDTHA                     ; 24                                                              ;
;     -- LPM_WIDTHB                     ; 16                                                              ;
;     -- LPM_WIDTHP                     ; 40                                                              ;
;     -- LPM_REPRESENTATION             ; SIGNED                                                          ;
;     -- INPUT_A_IS_CONSTANT            ; NO                                                              ;
;     -- INPUT_B_IS_CONSTANT            ; NO                                                              ;
;     -- USE_EAB                        ; OFF                                                             ;
;     -- DEDICATED_MULTIPLIER_CIRCUITRY ; AUTO                                                            ;
;     -- INPUT_A_FIXED_VALUE            ; Bx                                                              ;
;     -- INPUT_B_FIXED_VALUE            ; Bx                                                              ;
+---------------------------------------+-----------------------------------------------------------------+


+------------------------------------------------------------------------------------------------------------+
; Analysis & Elaboration Settings                                                                            ;
+------------------------------------------------------------------+--------------------+--------------------+
; Option                                                           ; Setting            ; Default Value      ;
+------------------------------------------------------------------+--------------------+--------------------+
; Device                                                           ; EP4CE10F17C8       ;                    ;
; Top-level entity name                                            ; top                ; fft_myown          ;
; Family name                                                      ; Cyclone IV E       ; Cyclone V          ;
; Use smart compilation                                            ; Off                ; Off                ;
; Enable parallel Assembler and Timing Analyzer during compilation ; On                 ; On                 ;
; Enable compact report table                                      ; Off                ; Off                ;
; Restructure Multiplexers                                         ; Auto               ; Auto               ;
; Create Debugging Nodes for IP Cores                              ; Off                ; Off                ;
; Preserve fewer node names                                        ; On                 ; On                 ;
; Intel FPGA IP Evaluation Mode                                    ; Enable             ; Enable             ;
; Verilog Version                                                  ; Verilog_2001       ; Verilog_2001       ;
; VHDL Version                                                     ; VHDL_1993          ; VHDL_1993          ;
; State Machine Processing                                         ; Auto               ; Auto               ;
; Safe State Machine                                               ; Off                ; Off                ;
; Extract Verilog State Machines                                   ; On                 ; On                 ;
; Extract VHDL State Machines                                      ; On                 ; On                 ;
; Ignore Verilog initial constructs                                ; Off                ; Off                ;
; Iteration limit for constant Verilog loops                       ; 5000               ; 5000               ;
; Iteration limit for non-constant Verilog loops                   ; 250                ; 250                ;
; Add Pass-Through Logic to Inferred RAMs                          ; On                 ; On                 ;
; Infer RAMs from Raw Logic                                        ; On                 ; On                 ;
; Parallel Synthesis                                               ; On                 ; On                 ;
; DSP Block Balancing                                              ; Auto               ; Auto               ;
; NOT Gate Push-Back                                               ; On                 ; On                 ;
; Power-Up Don't Care                                              ; On                 ; On                 ;
; Remove Redundant Logic Cells                                     ; Off                ; Off                ;
; Remove Duplicate Registers                                       ; On                 ; On                 ;
; Ignore CARRY Buffers                                             ; Off                ; Off                ;
; Ignore CASCADE Buffers                                           ; Off                ; Off                ;
; Ignore GLOBAL Buffers                                            ; Off                ; Off                ;
; Ignore ROW GLOBAL Buffers                                        ; Off                ; Off                ;
; Ignore LCELL Buffers                                             ; Off                ; Off                ;
; Ignore SOFT Buffers                                              ; On                 ; On                 ;
; Limit AHDL Integers to 32 Bits                                   ; Off                ; Off                ;
; Optimization Technique                                           ; Balanced           ; Balanced           ;
; Carry Chain Length                                               ; 70                 ; 70                 ;
; Auto Carry Chains                                                ; On                 ; On                 ;
; Auto Open-Drain Pins                                             ; On                 ; On                 ;
; Perform WYSIWYG Primitive Resynthesis                            ; Off                ; Off                ;
; Auto ROM Replacement                                             ; On                 ; On                 ;
; Auto RAM Replacement                                             ; On                 ; On                 ;
; Auto DSP Block Replacement                                       ; On                 ; On                 ;
; Auto Shift Register Replacement                                  ; Auto               ; Auto               ;
; Allow Shift Register Merging across Hierarchies                  ; Auto               ; Auto               ;
; Auto Clock Enable Replacement                                    ; On                 ; On                 ;
; Strict RAM Replacement                                           ; Off                ; Off                ;
; Allow Synchronous Control Signals                                ; On                 ; On                 ;
; Force Use of Synchronous Clear Signals                           ; Off                ; Off                ;
; Auto RAM Block Balancing                                         ; On                 ; On                 ;
; Auto RAM to Logic Cell Conversion                                ; Off                ; Off                ;
; Auto Resource Sharing                                            ; Off                ; Off                ;
; Allow Any RAM Size For Recognition                               ; Off                ; Off                ;
; Allow Any ROM Size For Recognition                               ; Off                ; Off                ;
; Allow Any Shift Register Size For Recognition                    ; Off                ; Off                ;
; Use LogicLock Constraints during Resource Balancing              ; On                 ; On                 ;
; Ignore translate_off and synthesis_off directives                ; Off                ; Off                ;
; Timing-Driven Synthesis                                          ; On                 ; On                 ;
; Report Parameter Settings                                        ; On                 ; On                 ;
; Report Source Assignments                                        ; On                 ; On                 ;
; Report Connectivity Checks                                       ; On                 ; On                 ;
; Ignore Maximum Fan-Out Assignments                               ; Off                ; Off                ;
; Synchronization Register Chain Length                            ; 2                  ; 2                  ;
; Power Optimization During Synthesis                              ; Normal compilation ; Normal compilation ;
; HDL message level                                                ; Level2             ; Level2             ;
; Suppress Register Optimization Related Messages                  ; Off                ; Off                ;
; Number of Removed Registers Reported in Synthesis Report         ; 5000               ; 5000               ;
; Number of Swept Nodes Reported in Synthesis Report               ; 5000               ; 5000               ;
; Number of Inverted Registers Reported in Synthesis Report        ; 100                ; 100                ;
; Clock MUX Protection                                             ; On                 ; On                 ;
; Auto Gated Clock Conversion                                      ; Off                ; Off                ;
; Block Design Naming                                              ; Auto               ; Auto               ;
; SDC constraint protection                                        ; Off                ; Off                ;
; Synthesis Effort                                                 ; Auto               ; Auto               ;
; Shift Register Replacement - Allow Asynchronous Clear Signal     ; On                 ; On                 ;
; Pre-Mapping Resynthesis Optimization                             ; Off                ; Off                ;
; Analysis & Synthesis Message Level                               ; Medium             ; Medium             ;
; Disable Register Merging Across Hierarchies                      ; Auto               ; Auto               ;
; Resource Aware Inference For Block RAM                           ; On                 ; On                 ;
+------------------------------------------------------------------+--------------------+--------------------+


+---------------------------------+
; Analysis & Elaboration Messages ;
+---------------------------------+
Info: *******************************************************************
Info: Running Quartus Prime Analysis & Elaboration
    Info: Version 18.0.0 Build 614 04/24/2018 SJ Standard Edition
    Info: Processing started: Sat May 13 13:13:14 2023
Info: Command: quartus_map --read_settings_files=on --write_settings_files=off fft_myown -c fft_myown --analysis_and_elaboration
Warning (18236): Number of processors has not been specified which may cause overloading on shared machines.  Set the global assignment NUM_PARALLEL_PROCESSORS in your QSF to an appropriate value for best performance.
Info (20030): Parallel compilation is enabled and will use 4 of the 4 processors detected
Info (12021): Found 1 design units, including 1 entities, in source file /lab_work/1_learning/4_signal_processing_code/signal_process/fft/fft_verilog/testbench/tb_ram_contral.v
    Info (12023): Found entity 1: tb_ram_contral File: F:/Lab_Work/1_Learning/4_Signal_Processing_Code/Signal_Process/FFT/FFT_Verilog/testbench/tb_ram_contral.v Line: 6
Info (12021): Found 1 design units, including 1 entities, in source file /lab_work/1_learning/4_signal_processing_code/signal_process/fft/fft_verilog/testbench/tb_multi_test.v
    Info (12023): Found entity 1: tb_multi_test File: F:/Lab_Work/1_Learning/4_Signal_Processing_Code/Signal_Process/FFT/FFT_Verilog/testbench/tb_multi_test.v Line: 5
Info (12021): Found 1 design units, including 1 entities, in source file /lab_work/1_learning/4_signal_processing_code/signal_process/fft/fft_verilog/testbench/tb_top.v
    Info (12023): Found entity 1: tb_top File: F:/Lab_Work/1_Learning/4_Signal_Processing_Code/Signal_Process/FFT/FFT_Verilog/testbench/tb_top.v Line: 7
Info (12021): Found 1 design units, including 1 entities, in source file /lab_work/1_learning/4_signal_processing_code/signal_process/fft/fft_verilog/rtl/top.v
    Info (12023): Found entity 1: top File: F:/Lab_Work/1_Learning/4_Signal_Processing_Code/Signal_Process/FFT/FFT_Verilog/rtl/top.v Line: 1
Info (12021): Found 1 design units, including 1 entities, in source file /lab_work/1_learning/4_signal_processing_code/signal_process/fft/fft_verilog/rtl/ram_contral.v
    Info (12023): Found entity 1: ram_contral File: F:/Lab_Work/1_Learning/4_Signal_Processing_Code/Signal_Process/FFT/FFT_Verilog/rtl/ram_contral.v Line: 1
Info (12021): Found 1 design units, including 1 entities, in source file /lab_work/1_learning/4_signal_processing_code/signal_process/fft/fft_verilog/rtl/a_ram.v
    Info (12023): Found entity 1: A_RAM File: F:/Lab_Work/1_Learning/4_Signal_Processing_Code/Signal_Process/FFT/FFT_Verilog/rtl/A_RAM.v Line: 1
Info (12021): Found 1 design units, including 1 entities, in source file /lab_work/1_learning/4_signal_processing_code/signal_process/fft/fft_verilog/rtl/butterfly.v
    Info (12023): Found entity 1: butterfly File: F:/Lab_Work/1_Learning/4_Signal_Processing_Code/Signal_Process/FFT/FFT_Verilog/rtl/butterfly.v Line: 13
Info (12021): Found 1 design units, including 1 entities, in source file ip/ip_multi.v
    Info (12023): Found entity 1: ip_multi File: F:/Lab_Work/1_Learning/4_Signal_Processing_Code/Signal_Process/FFT/FFT_Verilog/prj/ip/ip_multi.v Line: 39
Info (12127): Elaborating entity "top" for the top level hierarchy
Info (12128): Elaborating entity "ram_contral" for hierarchy "ram_contral:ctrl" File: F:/Lab_Work/1_Learning/4_Signal_Processing_Code/Signal_Process/FFT/FFT_Verilog/rtl/top.v Line: 61
Warning (10850): Verilog HDL warning at ram_contral.v(87): number of words (4) in memory file does not match the number of elements in the address range [0:255] File: F:/Lab_Work/1_Learning/4_Signal_Processing_Code/Signal_Process/FFT/FFT_Verilog/rtl/ram_contral.v Line: 87
Warning (10230): Verilog HDL assignment warning at ram_contral.v(93): truncated value with size 32 to match size of target (10) File: F:/Lab_Work/1_Learning/4_Signal_Processing_Code/Signal_Process/FFT/FFT_Verilog/rtl/ram_contral.v Line: 93
Warning (10230): Verilog HDL assignment warning at ram_contral.v(98): truncated value with size 32 to match size of target (10) File: F:/Lab_Work/1_Learning/4_Signal_Processing_Code/Signal_Process/FFT/FFT_Verilog/rtl/ram_contral.v Line: 98
Warning (10230): Verilog HDL assignment warning at ram_contral.v(172): truncated value with size 10 to match size of target (3) File: F:/Lab_Work/1_Learning/4_Signal_Processing_Code/Signal_Process/FFT/FFT_Verilog/rtl/ram_contral.v Line: 172
Warning (10230): Verilog HDL assignment warning at ram_contral.v(173): truncated value with size 10 to match size of target (3) File: F:/Lab_Work/1_Learning/4_Signal_Processing_Code/Signal_Process/FFT/FFT_Verilog/rtl/ram_contral.v Line: 173
Warning (10230): Verilog HDL assignment warning at ram_contral.v(192): truncated value with size 10 to match size of target (3) File: F:/Lab_Work/1_Learning/4_Signal_Processing_Code/Signal_Process/FFT/FFT_Verilog/rtl/ram_contral.v Line: 192
Warning (10230): Verilog HDL assignment warning at ram_contral.v(193): truncated value with size 10 to match size of target (3) File: F:/Lab_Work/1_Learning/4_Signal_Processing_Code/Signal_Process/FFT/FFT_Verilog/rtl/ram_contral.v Line: 193
Warning (10230): Verilog HDL assignment warning at ram_contral.v(203): truncated value with size 32 to match size of target (4) File: F:/Lab_Work/1_Learning/4_Signal_Processing_Code/Signal_Process/FFT/FFT_Verilog/rtl/ram_contral.v Line: 203
Warning (10230): Verilog HDL assignment warning at ram_contral.v(214): truncated value with size 32 to match size of target (2) File: F:/Lab_Work/1_Learning/4_Signal_Processing_Code/Signal_Process/FFT/FFT_Verilog/rtl/ram_contral.v Line: 214
Warning (10230): Verilog HDL assignment warning at ram_contral.v(222): truncated value with size 32 to match size of target (2) File: F:/Lab_Work/1_Learning/4_Signal_Processing_Code/Signal_Process/FFT/FFT_Verilog/rtl/ram_contral.v Line: 222
Warning (10230): Verilog HDL assignment warning at ram_contral.v(242): truncated value with size 10 to match size of target (3) File: F:/Lab_Work/1_Learning/4_Signal_Processing_Code/Signal_Process/FFT/FFT_Verilog/rtl/ram_contral.v Line: 242
Warning (10230): Verilog HDL assignment warning at ram_contral.v(243): truncated value with size 10 to match size of target (3) File: F:/Lab_Work/1_Learning/4_Signal_Processing_Code/Signal_Process/FFT/FFT_Verilog/rtl/ram_contral.v Line: 243
Warning (10230): Verilog HDL assignment warning at ram_contral.v(248): truncated value with size 32 to match size of target (10) File: F:/Lab_Work/1_Learning/4_Signal_Processing_Code/Signal_Process/FFT/FFT_Verilog/rtl/ram_contral.v Line: 248
Warning (10230): Verilog HDL assignment warning at ram_contral.v(249): truncated value with size 32 to match size of target (10) File: F:/Lab_Work/1_Learning/4_Signal_Processing_Code/Signal_Process/FFT/FFT_Verilog/rtl/ram_contral.v Line: 249
Warning (10230): Verilog HDL assignment warning at ram_contral.v(253): truncated value with size 16 to match size of target (10) File: F:/Lab_Work/1_Learning/4_Signal_Processing_Code/Signal_Process/FFT/FFT_Verilog/rtl/ram_contral.v Line: 253
Warning (10230): Verilog HDL assignment warning at ram_contral.v(262): truncated value with size 32 to match size of target (2) File: F:/Lab_Work/1_Learning/4_Signal_Processing_Code/Signal_Process/FFT/FFT_Verilog/rtl/ram_contral.v Line: 262
Warning (10030): Net "factor_rom.data_a" at ram_contral.v(84) has no driver or initial value, using a default initial value '0' File: F:/Lab_Work/1_Learning/4_Signal_Processing_Code/Signal_Process/FFT/FFT_Verilog/rtl/ram_contral.v Line: 84
Warning (10030): Net "factor_rom.waddr_a" at ram_contral.v(84) has no driver or initial value, using a default initial value '0' File: F:/Lab_Work/1_Learning/4_Signal_Processing_Code/Signal_Process/FFT/FFT_Verilog/rtl/ram_contral.v Line: 84
Warning (10030): Net "factor_rom.we_a" at ram_contral.v(84) has no driver or initial value, using a default initial value '0' File: F:/Lab_Work/1_Learning/4_Signal_Processing_Code/Signal_Process/FFT/FFT_Verilog/rtl/ram_contral.v Line: 84
Info (12128): Elaborating entity "A_RAM" for hierarchy "A_RAM:ram1" File: F:/Lab_Work/1_Learning/4_Signal_Processing_Code/Signal_Process/FFT/FFT_Verilog/rtl/top.v Line: 92
Warning (10240): Verilog HDL Always Construct warning at A_RAM.v(144): inferring latch(es) for variable "i", which holds its previous value in one or more paths through the always construct File: F:/Lab_Work/1_Learning/4_Signal_Processing_Code/Signal_Process/FFT/FFT_Verilog/rtl/A_RAM.v Line: 144
Info (12128): Elaborating entity "butterfly" for hierarchy "butterfly:butterfly1" File: F:/Lab_Work/1_Learning/4_Signal_Processing_Code/Signal_Process/FFT/FFT_Verilog/rtl/top.v Line: 113
Info (12128): Elaborating entity "ip_multi" for hierarchy "butterfly:butterfly1|ip_multi:mult0" File: F:/Lab_Work/1_Learning/4_Signal_Processing_Code/Signal_Process/FFT/FFT_Verilog/rtl/butterfly.v Line: 90
Info (12128): Elaborating entity "lpm_mult" for hierarchy "butterfly:butterfly1|ip_multi:mult0|lpm_mult:lpm_mult_component" File: F:/Lab_Work/1_Learning/4_Signal_Processing_Code/Signal_Process/FFT/FFT_Verilog/prj/ip/ip_multi.v Line: 65
Info (12130): Elaborated megafunction instantiation "butterfly:butterfly1|ip_multi:mult0|lpm_mult:lpm_mult_component" File: F:/Lab_Work/1_Learning/4_Signal_Processing_Code/Signal_Process/FFT/FFT_Verilog/prj/ip/ip_multi.v Line: 65
Info (12133): Instantiated megafunction "butterfly:butterfly1|ip_multi:mult0|lpm_mult:lpm_mult_component" with the following parameter: File: F:/Lab_Work/1_Learning/4_Signal_Processing_Code/Signal_Process/FFT/FFT_Verilog/prj/ip/ip_multi.v Line: 65
    Info (12134): Parameter "lpm_hint" = "MAXIMIZE_SPEED=5"
    Info (12134): Parameter "lpm_pipeline" = "1"
    Info (12134): Parameter "lpm_representation" = "SIGNED"
    Info (12134): Parameter "lpm_type" = "LPM_MULT"
    Info (12134): Parameter "lpm_widtha" = "24"
    Info (12134): Parameter "lpm_widthb" = "16"
    Info (12134): Parameter "lpm_widthp" = "40"
Info (12021): Found 1 design units, including 1 entities, in source file db/mult_q5q.tdf
    Info (12023): Found entity 1: mult_q5q File: F:/Lab_Work/1_Learning/4_Signal_Processing_Code/Signal_Process/FFT/FFT_Verilog/prj/db/mult_q5q.tdf Line: 30
Info (12128): Elaborating entity "mult_q5q" for hierarchy "butterfly:butterfly1|ip_multi:mult0|lpm_mult:lpm_mult_component|mult_q5q:auto_generated" File: d:/quartus_18/quartus_prime18_install_file/quartus/libraries/megafunctions/lpm_mult.tdf Line: 376
Info: Quartus Prime Analysis & Elaboration was successful. 0 errors, 21 warnings
    Info: Peak virtual memory: 4734 megabytes
    Info: Processing ended: Sat May 13 13:13:25 2023
    Info: Elapsed time: 00:00:11
    Info: Total CPU time (on all processors): 00:00:27


