Info: Starting: Create simulation model
Info: qsys-generate F:\Lab_Work\Learning\DownFre\prj\ip\NCO_NEW.qsys --simulation=VERILOG --allow-mixed-language-simulation --output-directory=F:\Lab_Work\Learning\DownFre\prj\ip\NCO_NEW\simulation --family="Cyclone IV E" --part=EP4CE10F17C8
Progress: Loading ip/NCO_NEW.qsys
Progress: Reading input file
Progress: Adding nco_ii_0 [altera_nco_ii 18.0]
Progress: Parameterizing module nco_ii_0
Progress: Building connections
Progress: Parameterizing connections
Progress: Validating
Progress: Done reading input file
Info: NCO_NEW: Generating NCO_NEW "NCO_NEW" for SIM_VERILOG
Info: nco_ii_0: "NCO_NEW" instantiated altera_nco_ii "nco_ii_0"
Info: NCO_NEW: Done "NCO_NEW" with 2 modules, 36 files
Info: qsys-generate succeeded.
Info: Finished: Create simulation model
Info: Starting: Create Modelsim Project.
Info: sim-script-gen --spd=F:\Lab_Work\Learning\DownFre\prj\ip\NCO_NEW\NCO_NEW.spd --output-directory=F:/Lab_Work/Learning/DownFre/prj/ip/NCO_NEW/simulation/ --use-relative-paths=true
Info: Doing: ip-make-simscript --spd=F:\Lab_Work\Learning\DownFre\prj\ip\NCO_NEW\NCO_NEW.spd --output-directory=F:/Lab_Work/Learning/DownFre/prj/ip/NCO_NEW/simulation/ --use-relative-paths=true
Info: Generating the following file(s) for MODELSIM simulator in F:/Lab_Work/Learning/DownFre/prj/ip/NCO_NEW/simulation/ directory:
Info: 	mentor/msim_setup.tcl
Info: Generating the following file(s) for VCS simulator in F:/Lab_Work/Learning/DownFre/prj/ip/NCO_NEW/simulation/ directory:
Info: 	synopsys/vcs/vcs_setup.sh
Info: Generating the following file(s) for VCSMX simulator in F:/Lab_Work/Learning/DownFre/prj/ip/NCO_NEW/simulation/ directory:
Info: 	synopsys/vcsmx/synopsys_sim.setup
Info: 	synopsys/vcsmx/vcsmx_setup.sh
Info: Generating the following file(s) for NCSIM simulator in F:/Lab_Work/Learning/DownFre/prj/ip/NCO_NEW/simulation/ directory:
Info: 	cadence/cds.lib
Info: 	cadence/hdl.var
Info: 	cadence/ncsim_setup.sh
Info: 	1 .cds.lib files in cadence/cds_libs/ directory
Info: Generating the following file(s) for RIVIERA simulator in F:/Lab_Work/Learning/DownFre/prj/ip/NCO_NEW/simulation/ directory:
Info: 	aldec/rivierapro_setup.tcl
Info: For information on how to simulate your IP, see the explanatory comments in the simulator-specific subdirectories under F:/Lab_Work/Learning/DownFre/prj/ip/NCO_NEW/simulation/.
Info: Regenerate these scripts whenever you make any change to any Quartus-generated IP in your project.
Info: Finished: Create Modelsim Project.
Info: Starting: Create block symbol file (.bsf)
Info: qsys-generate F:\Lab_Work\Learning\DownFre\prj\ip\NCO_NEW.qsys --block-symbol-file --output-directory=F:\Lab_Work\Learning\DownFre\prj\ip\NCO_NEW --family="Cyclone IV E" --part=EP4CE10F17C8
Progress: Loading ip/NCO_NEW.qsys
Progress: Reading input file
Progress: Adding nco_ii_0 [altera_nco_ii 18.0]
Progress: Parameterizing module nco_ii_0
Progress: Building connections
Progress: Parameterizing connections
Progress: Validating
Progress: Done reading input file
Info: qsys-generate succeeded.
Info: Finished: Create block symbol file (.bsf)
Info: 
Info: Starting: Create HDL design files for synthesis
Info: qsys-generate F:\Lab_Work\Learning\DownFre\prj\ip\NCO_NEW.qsys --synthesis=VERILOG --output-directory=F:\Lab_Work\Learning\DownFre\prj\ip\NCO_NEW\synthesis --family="Cyclone IV E" --part=EP4CE10F17C8
Progress: Loading ip/NCO_NEW.qsys
Progress: Reading input file
Progress: Adding nco_ii_0 [altera_nco_ii 18.0]
Progress: Parameterizing module nco_ii_0
Progress: Building connections
Progress: Parameterizing connections
Progress: Validating
Progress: Done reading input file
Info: NCO_NEW: Generating NCO_NEW "NCO_NEW" for QUARTUS_SYNTH
Info: nco_ii_0: "NCO_NEW" instantiated altera_nco_ii "nco_ii_0"
Info: NCO_NEW: Done "NCO_NEW" with 2 modules, 22 files
Info: qsys-generate succeeded.
Info: Finished: Create HDL design files for synthesis
