Flow report for DownFre
Tue Apr 25 21:07:17 2023
Quartus Prime Version 18.0.0 Build 614 04/24/2018 SJ Standard Edition


---------------------
; Table of Contents ;
---------------------
  1. Legal Notice
  2. Flow Summary
  3. Flow Settings
  4. Flow Non-Default Global Settings
  5. Flow Elapsed Time
  6. Flow OS Summary
  7. Flow Log
  8. Flow Messages
  9. Flow Suppressed Messages



----------------
; Legal Notice ;
----------------
Copyright (C) 2018  Intel Corporation. All rights reserved.
Your use of Intel Corporation's design tools, logic functions 
and other software and tools, and its AMPP partner logic 
functions, and any output files from any of the foregoing 
(including device programming or simulation files), and any 
associated documentation or information are expressly subject 
to the terms and conditions of the Intel Program License 
Subscription Agreement, the Intel Quartus Prime License Agreement,
the Intel FPGA IP License Agreement, or other applicable license
agreement, including, without limitation, that your use is for
the sole purpose of programming logic devices manufactured by
Intel and sold by Intel or its authorized distributors.  Please
refer to the applicable agreement for further details.



+--------------------------------------------------------------------------------------+
; Flow Summary                                                                         ;
+------------------------------------+-------------------------------------------------+
; Flow Status                        ; Successful - Tue Apr 25 21:07:17 2023           ;
; Quartus Prime Version              ; 18.0.0 Build 614 04/24/2018 SJ Standard Edition ;
; Revision Name                      ; DownFre                                         ;
; Top-level Entity Name              ; ShuM                                            ;
; Family                             ; Cyclone IV E                                    ;
; Device                             ; EP4CE10F17C8                                    ;
; Timing Models                      ; Final                                           ;
; Total logic elements               ; 956 / 10,320 ( 9 % )                            ;
;     Total combinational functions  ; 600 / 10,320 ( 6 % )                            ;
;     Dedicated logic registers      ; 760 / 10,320 ( 7 % )                            ;
; Total registers                    ; 760                                             ;
; Total pins                         ; 14 / 180 ( 8 % )                                ;
; Total virtual pins                 ; 0                                               ;
; Total memory bits                  ; 51,200 / 423,936 ( 12 % )                       ;
; Embedded Multiplier 9-bit elements ; 0 / 46 ( 0 % )                                  ;
; Total PLLs                         ; 0 / 2 ( 0 % )                                   ;
+------------------------------------+-------------------------------------------------+


+-----------------------------------------+
; Flow Settings                           ;
+-------------------+---------------------+
; Option            ; Setting             ;
+-------------------+---------------------+
; Start date & time ; 04/25/2023 21:05:40 ;
; Main task         ; Compilation         ;
; Revision Name     ; DownFre             ;
+-------------------+---------------------+


+-----------------------------------------------------------------------------------------------------------------------------------------------------------------------------------------------------------------+
; Flow Non-Default Global Settings                                                                                                                                                                                ;
+--------------------------------------+-------------------------------------------------------------------------------------------------------------------------+---------------+-------------+------------------+
; Assignment Name                      ; Value                                                                                                                   ; Default Value ; Entity Name ; Section Id       ;
+--------------------------------------+-------------------------------------------------------------------------------------------------------------------------+---------------+-------------+------------------+
; COMPILER_SIGNATURE_ID                ; 1095979670145.168242794018340                                                                                           ; --            ; --          ; --               ;
; EDA_DESIGN_INSTANCE_NAME             ; NA                                                                                                                      ; --            ; --          ; dds_tb           ;
; EDA_NATIVELINK_SIMULATION_TEST_BENCH ; dds_tb                                                                                                                  ; --            ; --          ; eda_simulation   ;
; EDA_OUTPUT_DATA_FORMAT               ; Verilog Hdl                                                                                                             ; --            ; --          ; eda_simulation   ;
; EDA_SIMULATION_TOOL                  ; ModelSim (Verilog)                                                                                                      ; <None>        ; --          ; --               ;
; EDA_TEST_BENCH_ENABLE_STATUS         ; TEST_BENCH_MODE                                                                                                         ; --            ; --          ; eda_simulation   ;
; EDA_TEST_BENCH_FILE                  ; ../testbench/dds_tb.v                                                                                                   ; --            ; --          ; dds_tb           ;
; EDA_TEST_BENCH_MODULE_NAME           ; dds_tb                                                                                                                  ; --            ; --          ; dds_tb           ;
; EDA_TEST_BENCH_NAME                  ; dds_tb                                                                                                                  ; --            ; --          ; eda_simulation   ;
; EDA_TIME_SCALE                       ; 1 ps                                                                                                                    ; --            ; --          ; eda_simulation   ;
; ENABLE_SIGNALTAP                     ; On                                                                                                                      ; --            ; --          ; --               ;
; MAX_CORE_JUNCTION_TEMP               ; 85                                                                                                                      ; --            ; --          ; --               ;
; MIN_CORE_JUNCTION_TEMP               ; 0                                                                                                                       ; --            ; --          ; --               ;
; MISC_FILE                            ; ip/NCO_NEW/synthesis/../NCO_NEW.cmp                                                                                     ; --            ; --          ; --               ;
; MISC_FILE                            ; ip/NCO_NEW/synthesis/../../NCO_NEW.qsys                                                                                 ; --            ; --          ; --               ;
; MISC_FILE                            ; ip/NCO_NEW/simulation/../../NCO_NEW.qsys                                                                                ; --            ; --          ; --               ;
; MISC_FILE                            ; ip/NCO_NEW/simulation/NCO_NEW.v                                                                                         ; --            ; --          ; --               ;
; MISC_FILE                            ; ip/NCO_NEW/simulation/submodules/mentor/mac_i_lpmd.v                                                                    ; --            ; --          ; --               ;
; MISC_FILE                            ; ip/NCO_NEW/simulation/submodules/aldec/mac_i_lpmd.v                                                                     ; --            ; --          ; --               ;
; MISC_FILE                            ; ip/NCO_NEW/simulation/submodules/mentor/asj_nco_apr_dxx.v                                                               ; --            ; --          ; --               ;
; MISC_FILE                            ; ip/NCO_NEW/simulation/submodules/aldec/asj_nco_apr_dxx.v                                                                ; --            ; --          ; --               ;
; MISC_FILE                            ; ip/NCO_NEW/simulation/submodules/mentor/asj_nco_mob_w.v                                                                 ; --            ; --          ; --               ;
; MISC_FILE                            ; ip/NCO_NEW/simulation/submodules/aldec/asj_nco_mob_w.v                                                                  ; --            ; --          ; --               ;
; MISC_FILE                            ; ip/NCO_NEW/simulation/submodules/mentor/asj_dxx_g.v                                                                     ; --            ; --          ; --               ;
; MISC_FILE                            ; ip/NCO_NEW/simulation/submodules/aldec/asj_dxx_g.v                                                                      ; --            ; --          ; --               ;
; MISC_FILE                            ; ip/NCO_NEW/simulation/submodules/mentor/asj_nco_as_m_dp_cen.v                                                           ; --            ; --          ; --               ;
; MISC_FILE                            ; ip/NCO_NEW/simulation/submodules/aldec/asj_nco_as_m_dp_cen.v                                                            ; --            ; --          ; --               ;
; MISC_FILE                            ; ip/NCO_NEW/simulation/submodules/mentor/asj_nco_as_m_cen.v                                                              ; --            ; --          ; --               ;
; MISC_FILE                            ; ip/NCO_NEW/simulation/submodules/aldec/asj_nco_as_m_cen.v                                                               ; --            ; --          ; --               ;
; MISC_FILE                            ; ip/NCO_NEW/simulation/submodules/mentor/asj_altqmcpipe.v                                                                ; --            ; --          ; --               ;
; MISC_FILE                            ; ip/NCO_NEW/simulation/submodules/aldec/asj_altqmcpipe.v                                                                 ; --            ; --          ; --               ;
; MISC_FILE                            ; ip/NCO_NEW/simulation/submodules/mentor/asj_nco_derot.v                                                                 ; --            ; --          ; --               ;
; MISC_FILE                            ; ip/NCO_NEW/simulation/submodules/aldec/asj_nco_derot.v                                                                  ; --            ; --          ; --               ;
; MISC_FILE                            ; ip/NCO_NEW/simulation/submodules/mentor/asj_nco_isdr.v                                                                  ; --            ; --          ; --               ;
; MISC_FILE                            ; ip/NCO_NEW/simulation/submodules/aldec/asj_nco_isdr.v                                                                   ; --            ; --          ; --               ;
; MISC_FILE                            ; ip/NCO_NEW/simulation/submodules/mentor/las.v                                                                           ; --            ; --          ; --               ;
; MISC_FILE                            ; ip/NCO_NEW/simulation/submodules/aldec/las.v                                                                            ; --            ; --          ; --               ;
; MISC_FILE                            ; ip/NCO_NEW/simulation/submodules/mentor/asj_dxx.v                                                                       ; --            ; --          ; --               ;
; MISC_FILE                            ; ip/NCO_NEW/simulation/submodules/aldec/asj_dxx.v                                                                        ; --            ; --          ; --               ;
; MISC_FILE                            ; ip/NCO_NEW/simulation/submodules/mentor/lmsd.v                                                                          ; --            ; --          ; --               ;
; MISC_FILE                            ; ip/NCO_NEW/simulation/submodules/aldec/lmsd.v                                                                           ; --            ; --          ; --               ;
; MISC_FILE                            ; ip/NCO_NEW/simulation/submodules/mentor/asj_gam_dp.v                                                                    ; --            ; --          ; --               ;
; MISC_FILE                            ; ip/NCO_NEW/simulation/submodules/aldec/asj_gam_dp.v                                                                     ; --            ; --          ; --               ;
; MISC_FILE                            ; ip/NCO_NEW/simulation/submodules/NCO_NEW_nco_ii_0_sin_c.hex                                                             ; --            ; --          ; --               ;
; MISC_FILE                            ; ip/NCO_NEW/simulation/submodules/NCO_NEW_nco_ii_0_cos_c.hex                                                             ; --            ; --          ; --               ;
; MISC_FILE                            ; ip/NCO_NEW/simulation/submodules/NCO_NEW_nco_ii_0_sin_f.hex                                                             ; --            ; --          ; --               ;
; MISC_FILE                            ; ip/NCO_NEW/simulation/submodules/NCO_NEW_nco_ii_0_cos_f.hex                                                             ; --            ; --          ; --               ;
; MISC_FILE                            ; ip/NCO_NEW/simulation/submodules/NCO_NEW_nco_ii_0.v                                                                     ; --            ; --          ; --               ;
; MISC_FILE                            ; ip/NCO_NEW/simulation/submodules/NCO_NEW_nco_ii_0_tb.vhd                                                                ; --            ; --          ; --               ;
; MISC_FILE                            ; ip/NCO_NEW/simulation/submodules/c_model/model_wrapper.cpp                                                              ; --            ; --          ; --               ;
; MISC_FILE                            ; ip/NCO_NEW/simulation/submodules/c_model/nco_model.cpp                                                                  ; --            ; --          ; --               ;
; MISC_FILE                            ; ip/NCO_NEW/simulation/submodules/c_model/nco_model.h                                                                    ; --            ; --          ; --               ;
; MISC_FILE                            ; dds_rom_bb.v                                                                                                            ; --            ; --          ; --               ;
; OUTPUT_IO_TIMING_FAR_END_VMEAS       ; Half Signal Swing                                                                                                       ; --            ; --          ; --               ;
; OUTPUT_IO_TIMING_FAR_END_VMEAS       ; Half Signal Swing                                                                                                       ; --            ; --          ; --               ;
; OUTPUT_IO_TIMING_NEAR_END_VMEAS      ; Half Vccio                                                                                                              ; --            ; --          ; --               ;
; OUTPUT_IO_TIMING_NEAR_END_VMEAS      ; Half Vccio                                                                                                              ; --            ; --          ; --               ;
; PARTITION_COLOR                      ; -- (Not supported for targeted family)                                                                                  ; --            ; ShuM        ; Top              ;
; PARTITION_FITTER_PRESERVATION_LEVEL  ; -- (Not supported for targeted family)                                                                                  ; --            ; ShuM        ; Top              ;
; PARTITION_NETLIST_TYPE               ; -- (Not supported for targeted family)                                                                                  ; --            ; ShuM        ; Top              ;
; POWER_BOARD_THERMAL_MODEL            ; None (CONSERVATIVE)                                                                                                     ; --            ; --          ; --               ;
; POWER_PRESET_COOLING_SOLUTION        ; 23 MM HEAT SINK WITH 200 LFPM AIRFLOW                                                                                   ; --            ; --          ; --               ;
; PROJECT_OUTPUT_DIRECTORY             ; output_files                                                                                                            ; --            ; --          ; --               ;
; SLD_FILE                             ; ip/NCO_NEW/synthesis/NCO_NEW.debuginfo                                                                                  ; --            ; --          ; --               ;
; SLD_FILE                             ; db/stp1_auto_stripped.stp                                                                                               ; --            ; --          ; --               ;
; SLD_INFO                             ; QSYS_NAME NCO_NEW HAS_SOPCINFO 1 GENERATION_ID 1682062865                                                               ; --            ; NCO_NEW     ; --               ;
; SLD_NODE_CREATOR_ID                  ; 110                                                                                                                     ; --            ; --          ; auto_signaltap_0 ;
; SLD_NODE_ENTITY_NAME                 ; sld_signaltap                                                                                                           ; --            ; --          ; auto_signaltap_0 ;
; SLD_NODE_PARAMETER_ASSIGNMENT        ; SLD_RAM_BLOCK_TYPE=M9K                                                                                                  ; --            ; --          ; auto_signaltap_0 ;
; SLD_NODE_PARAMETER_ASSIGNMENT        ; SLD_NODE_INFO=805334528                                                                                                 ; --            ; --          ; auto_signaltap_0 ;
; SLD_NODE_PARAMETER_ASSIGNMENT        ; SLD_POWER_UP_TRIGGER=0                                                                                                  ; --            ; --          ; auto_signaltap_0 ;
; SLD_NODE_PARAMETER_ASSIGNMENT        ; SLD_STORAGE_QUALIFIER_INVERSION_MASK_LENGTH=0                                                                           ; --            ; --          ; auto_signaltap_0 ;
; SLD_NODE_PARAMETER_ASSIGNMENT        ; SLD_SEGMENT_SIZE=2048                                                                                                   ; --            ; --          ; auto_signaltap_0 ;
; SLD_NODE_PARAMETER_ASSIGNMENT        ; SLD_ATTRIBUTE_MEM_MODE=OFF                                                                                              ; --            ; --          ; auto_signaltap_0 ;
; SLD_NODE_PARAMETER_ASSIGNMENT        ; SLD_STATE_FLOW_USE_GENERATED=0                                                                                          ; --            ; --          ; auto_signaltap_0 ;
; SLD_NODE_PARAMETER_ASSIGNMENT        ; SLD_STATE_BITS=11                                                                                                       ; --            ; --          ; auto_signaltap_0 ;
; SLD_NODE_PARAMETER_ASSIGNMENT        ; SLD_BUFFER_FULL_STOP=1                                                                                                  ; --            ; --          ; auto_signaltap_0 ;
; SLD_NODE_PARAMETER_ASSIGNMENT        ; SLD_CURRENT_RESOURCE_WIDTH=1                                                                                            ; --            ; --          ; auto_signaltap_0 ;
; SLD_NODE_PARAMETER_ASSIGNMENT        ; SLD_INCREMENTAL_ROUTING=1                                                                                               ; --            ; --          ; auto_signaltap_0 ;
; SLD_NODE_PARAMETER_ASSIGNMENT        ; SLD_TRIGGER_LEVEL=1                                                                                                     ; --            ; --          ; auto_signaltap_0 ;
; SLD_NODE_PARAMETER_ASSIGNMENT        ; SLD_SAMPLE_DEPTH=2048                                                                                                   ; --            ; --          ; auto_signaltap_0 ;
; SLD_NODE_PARAMETER_ASSIGNMENT        ; SLD_TRIGGER_IN_ENABLED=0                                                                                                ; --            ; --          ; auto_signaltap_0 ;
; SLD_NODE_PARAMETER_ASSIGNMENT        ; SLD_TRIGGER_PIPELINE=0                                                                                                  ; --            ; --          ; auto_signaltap_0 ;
; SLD_NODE_PARAMETER_ASSIGNMENT        ; SLD_RAM_PIPELINE=0                                                                                                      ; --            ; --          ; auto_signaltap_0 ;
; SLD_NODE_PARAMETER_ASSIGNMENT        ; SLD_COUNTER_PIPELINE=0                                                                                                  ; --            ; --          ; auto_signaltap_0 ;
; SLD_NODE_PARAMETER_ASSIGNMENT        ; SLD_ADVANCED_TRIGGER_ENTITY=basic,1,                                                                                    ; --            ; --          ; auto_signaltap_0 ;
; SLD_NODE_PARAMETER_ASSIGNMENT        ; SLD_TRIGGER_LEVEL_PIPELINE=1                                                                                            ; --            ; --          ; auto_signaltap_0 ;
; SLD_NODE_PARAMETER_ASSIGNMENT        ; SLD_ENABLE_ADVANCED_TRIGGER=0                                                                                           ; --            ; --          ; auto_signaltap_0 ;
; SLD_NODE_PARAMETER_ASSIGNMENT        ; SLD_DATA_BITS=25                                                                                                        ; --            ; --          ; auto_signaltap_0 ;
; SLD_NODE_PARAMETER_ASSIGNMENT        ; SLD_TRIGGER_BITS=25                                                                                                     ; --            ; --          ; auto_signaltap_0 ;
; SLD_NODE_PARAMETER_ASSIGNMENT        ; SLD_STORAGE_QUALIFIER_BITS=25                                                                                           ; --            ; --          ; auto_signaltap_0 ;
; SLD_NODE_PARAMETER_ASSIGNMENT        ; SLD_INVERSION_MASK=0000000000000000000000000000000000000000000000000000000000000000000000000000000000000000000000000000 ; --            ; --          ; auto_signaltap_0 ;
; SLD_NODE_PARAMETER_ASSIGNMENT        ; SLD_INVERSION_MASK_LENGTH=100                                                                                           ; --            ; --          ; auto_signaltap_0 ;
; SOPCINFO_FILE                        ; ip/NCO_NEW/synthesis/../../NCO_NEW.sopcinfo                                                                             ; --            ; --          ; --               ;
; SPD_FILE                             ; ip/NCO_NEW/simulation/../NCO_NEW.spd                                                                                    ; --            ; --          ; --               ;
; SYNTHESIS_ONLY_QIP                   ; On                                                                                                                      ; --            ; --          ; --               ;
; TOP_LEVEL_ENTITY                     ; ShuM                                                                                                                    ; DownFre       ; --          ; --               ;
; USE_SIGNALTAP_FILE                   ; stp1.stp                                                                                                                ; --            ; --          ; --               ;
+--------------------------------------+-------------------------------------------------------------------------------------------------------------------------+---------------+-------------+------------------+


+--------------------------------------------------------------------------------------------------------------------------+
; Flow Elapsed Time                                                                                                        ;
+----------------------+--------------+-------------------------+---------------------+------------------------------------+
; Module Name          ; Elapsed Time ; Average Processors Used ; Peak Virtual Memory ; Total CPU Time (on all processors) ;
+----------------------+--------------+-------------------------+---------------------+------------------------------------+
; Analysis & Synthesis ; 00:00:53     ; 1.0                     ; 4856 MB             ; 00:01:13                           ;
; Fitter               ; 00:00:18     ; 1.0                     ; 5534 MB             ; 00:00:09                           ;
; Assembler            ; 00:00:03     ; 1.0                     ; 4676 MB             ; 00:00:02                           ;
; Timing Analyzer      ; 00:00:05     ; 1.1                     ; 4764 MB             ; 00:00:03                           ;
; EDA Netlist Writer   ; 00:00:04     ; 1.0                     ; 4658 MB             ; 00:00:04                           ;
; Total                ; 00:01:23     ; --                      ; --                  ; 00:01:31                           ;
+----------------------+--------------+-------------------------+---------------------+------------------------------------+


+------------------------------------------------------------------------------------+
; Flow OS Summary                                                                    ;
+----------------------+------------------+------------+------------+----------------+
; Module Name          ; Machine Hostname ; OS Name    ; OS Version ; Processor type ;
+----------------------+------------------+------------+------------+----------------+
; Analysis & Synthesis ; LAPTOP-A861C6F7  ; Windows 10 ; 10.0       ; x86_64         ;
; Fitter               ; LAPTOP-A861C6F7  ; Windows 10 ; 10.0       ; x86_64         ;
; Assembler            ; LAPTOP-A861C6F7  ; Windows 10 ; 10.0       ; x86_64         ;
; Timing Analyzer      ; LAPTOP-A861C6F7  ; Windows 10 ; 10.0       ; x86_64         ;
; EDA Netlist Writer   ; LAPTOP-A861C6F7  ; Windows 10 ; 10.0       ; x86_64         ;
+----------------------+------------------+------------+------------+----------------+


------------
; Flow Log ;
------------
quartus_map --read_settings_files=on --write_settings_files=off DownFre -c DownFre
quartus_fit --read_settings_files=off --write_settings_files=off DownFre -c DownFre
quartus_asm --read_settings_files=off --write_settings_files=off DownFre -c DownFre
quartus_sta DownFre -c DownFre
quartus_eda --read_settings_files=off --write_settings_files=off DownFre -c DownFre



